<?xml version="1.0" encoding="UTF-8"?>
<!-- Generated by org.testng.reporters.JUnitReportReporter -->
<testsuite hostname="Harika" failures="0" tests="2" name="com.opencart.Testcases.HomePageTest" time="56.956" errors="0" timestamp="2024-03-29T15:06:21 CDT" skipped="0">
  <testcase classname="com.opencart.Testcases.HomePageTest" name="testvalidatOrderHistory" time="25.675"/>
  <system-out/>
  <testcase classname="com.opencart.Testcases.HomePageTest" name="testSearchCamera" time="31.281"/>
  <system-out/>
</testsuite> <!-- com.opencart.Testcases.HomePageTest -->
