<?xml version="1.0" encoding="UTF-8"?>
<!-- Generated by org.testng.reporters.JUnitReportReporter -->
<testsuite hostname="Harika" failures="0" tests="1" name="com.opencart.Testcases.ProductPageTest" time="38.912" errors="0" timestamp="2024-03-29T15:06:21 CDT" skipped="0">
  <testcase classname="com.opencart.Testcases.ProductPageTest" name="testaddToCart" time="38.912"/>
  <system-out/>
</testsuite> <!-- com.opencart.Testcases.ProductPageTest -->
