<?xml version="1.0" encoding="UTF-8"?>
<!-- Generated by org.testng.reporters.JUnitReportReporter -->
<testsuite hostname="Harika" failures="0" tests="1" name="com.opencart.Testcases.CheckoutPageTest" time="44.027" errors="0" timestamp="2024-03-29T15:06:21 CDT" skipped="0">
  <testcase classname="com.opencart.Testcases.CheckoutPageTest" name="testCheckout" time="44.027"/>
  <system-out/>
</testsuite> <!-- com.opencart.Testcases.CheckoutPageTest -->
